[debug] [2022-02-10T16:36:05.892Z] ----------------------------------------------------------------------
[debug] [2022-02-10T16:36:05.895Z] Command:       C:\Program Files\nodejs\node.exe C:\Users\user\AppData\Roaming\npm\node_modules\firebase-tools\lib\bin\firebase.js deploy
[debug] [2022-02-10T16:36:05.895Z] CLI Version:   9.17.0
[debug] [2022-02-10T16:36:05.895Z] Platform:      win32
[debug] [2022-02-10T16:36:05.895Z] Node Version:  v14.17.5
[debug] [2022-02-10T16:36:05.903Z] Time:          Thu Feb 10 2022 19:36:05 GMT+0300 (East Africa Time)
[debug] [2022-02-10T16:36:05.903Z] ----------------------------------------------------------------------
[debug] 
[debug] [2022-02-10T16:36:05.911Z] >>> [apiv2][query] GET https://firebase-public.firebaseio.com/cli.json [none]
[debug] [2022-02-10T16:36:06.018Z] > command requires scopes: ["email","openid","https://www.googleapis.com/auth/cloudplatformprojects.readonly","https://www.googleapis.com/auth/firebase","https://www.googleapis.com/auth/cloud-platform"]
[debug] [2022-02-10T16:36:06.018Z] > authorizing via signed-in user (kebederaz@gmail.com)
[debug] [2022-02-10T16:36:06.018Z] [iam] checking project hepies-d3233 for permissions ["firebase.projects.get","firebasehosting.sites.update"]
[debug] [2022-02-10T16:36:06.020Z] > refreshing access token with scopes: ["email","https://www.googleapis.com/auth/cloud-platform","https://www.googleapis.com/auth/cloudplatformprojects.readonly","https://www.googleapis.com/auth/firebase","openid"]
[debug] [2022-02-10T16:36:06.021Z] >>> HTTP REQUEST POST https://www.googleapis.com/oauth2/v3/token  
 <request body omitted>
[debug] [2022-02-10T16:36:07.159Z] <<< HTTP RESPONSE 200 {"date":"Thu, 10 Feb 2022 16:36:08 GMT","pragma":"no-cache","cache-control":"no-cache, no-store, max-age=0, must-revalidate","expires":"Mon, 01 Jan 1990 00:00:00 GMT","content-type":"application/json; charset=utf-8","vary":"X-Origin, Referer, Origin,Accept-Encoding","server":"scaffolding on HTTPServer2","x-xss-protection":"0","x-frame-options":"SAMEORIGIN","x-content-type-options":"nosniff","alt-svc":"h3=\":443\"; ma=2592000,h3-29=\":443\"; ma=2592000,h3-Q050=\":443\"; ma=2592000,h3-Q046=\":443\"; ma=2592000,h3-Q043=\":443\"; ma=2592000,quic=\":443\"; ma=2592000; v=\"46,43\"","accept-ranges":"none","transfer-encoding":"chunked"}
[debug] [2022-02-10T16:36:07.197Z] >>> HTTP REQUEST POST https://cloudresourcemanager.googleapis.com/v1/projects/hepies-d3233:testIamPermissions  
 {"permissions":["firebase.projects.get","firebasehosting.sites.update"]}
[debug] [2022-02-10T16:36:07.659Z] <<< [apiv2][status] GET https://firebase-public.firebaseio.com/cli.json 200
[debug] [2022-02-10T16:36:07.660Z] <<< [apiv2][body] GET https://firebase-public.firebaseio.com/cli.json {"cloudBuildErrorAfter":1594252800000,"cloudBuildWarnAfter":1590019200000,"defaultNode10After":1594252800000,"minVersion":"3.0.5","node8DeploysDisabledAfter":1613390400000,"node8RuntimeDisabledAfter":1615809600000,"node8WarnAfter":1600128000000}
[debug] [2022-02-10T16:36:09.027Z] <<< HTTP RESPONSE 200 {"content-type":"application/json; charset=UTF-8","vary":"X-Origin, Referer, Origin,Accept-Encoding","date":"Thu, 10 Feb 2022 16:36:10 GMT","server":"ESF","cache-control":"private","x-xss-protection":"0","x-frame-options":"SAMEORIGIN","x-content-type-options":"nosniff","server-timing":"gfet4t7; dur=791","alt-svc":"h3=\":443\"; ma=2592000,h3-29=\":443\"; ma=2592000,h3-Q050=\":443\"; ma=2592000,h3-Q046=\":443\"; ma=2592000,h3-Q043=\":443\"; ma=2592000,quic=\":443\"; ma=2592000; v=\"46,43\"","accept-ranges":"none","transfer-encoding":"chunked"}
[debug] [2022-02-10T16:36:09.028Z] > refreshing access token with scopes: []
[debug] [2022-02-10T16:36:09.029Z] >>> HTTP REQUEST POST https://www.googleapis.com/oauth2/v3/token  
 <request body omitted>
[debug] [2022-02-10T16:36:09.766Z] <<< HTTP RESPONSE 200 {"expires":"Mon, 01 Jan 1990 00:00:00 GMT","cache-control":"no-cache, no-store, max-age=0, must-revalidate","pragma":"no-cache","date":"Thu, 10 Feb 2022 16:36:10 GMT","content-type":"application/json; charset=utf-8","vary":"X-Origin, Referer, Origin,Accept-Encoding","server":"scaffolding on HTTPServer2","x-xss-protection":"0","x-frame-options":"SAMEORIGIN","x-content-type-options":"nosniff","alt-svc":"h3=\":443\"; ma=2592000,h3-29=\":443\"; ma=2592000,h3-Q050=\":443\"; ma=2592000,h3-Q046=\":443\"; ma=2592000,h3-Q043=\":443\"; ma=2592000,quic=\":443\"; ma=2592000; v=\"46,43\"","accept-ranges":"none","transfer-encoding":"chunked"}
[debug] [2022-02-10T16:36:09.804Z] >>> [apiv2][query] GET https://firebase.googleapis.com/v1beta1/projects/hepies-d3233 [none]
[debug] [2022-02-10T16:36:11.232Z] <<< [apiv2][status] GET https://firebase.googleapis.com/v1beta1/projects/hepies-d3233 200
[debug] [2022-02-10T16:36:11.232Z] <<< [apiv2][body] GET https://firebase.googleapis.com/v1beta1/projects/hepies-d3233 {"projectId":"hepies-d3233","projectNumber":"222366169871","displayName":"hepies","name":"projects/hepies-d3233","resources":{"hostingSite":"hepies-d3233","storageBucket":"hepies-d3233.appspot.com","locationId":"europe-west"},"state":"ACTIVE"}
[info] 
[info] === Deploying to 'hepies-d3233'...
[info] 
[info] i  deploying hosting 
[debug] [2022-02-10T16:36:11.237Z] > refreshing access token with scopes: ["email","https://www.googleapis.com/auth/cloud-platform","https://www.googleapis.com/auth/cloudplatformprojects.readonly","https://www.googleapis.com/auth/firebase","openid"]
[debug] [2022-02-10T16:36:11.237Z] >>> HTTP REQUEST POST https://www.googleapis.com/oauth2/v3/token  
 <request body omitted>
[debug] [2022-02-10T16:36:11.951Z] <<< HTTP RESPONSE 200 {"expires":"Mon, 01 Jan 1990 00:00:00 GMT","pragma":"no-cache","date":"Thu, 10 Feb 2022 16:36:13 GMT","cache-control":"no-cache, no-store, max-age=0, must-revalidate","content-type":"application/json; charset=utf-8","vary":"X-Origin, Referer, Origin,Accept-Encoding","server":"scaffolding on HTTPServer2","x-xss-protection":"0","x-frame-options":"SAMEORIGIN","x-content-type-options":"nosniff","alt-svc":"h3=\":443\"; ma=2592000,h3-29=\":443\"; ma=2592000,h3-Q050=\":443\"; ma=2592000,h3-Q046=\":443\"; ma=2592000,h3-Q043=\":443\"; ma=2592000,quic=\":443\"; ma=2592000; v=\"46,43\"","accept-ranges":"none","transfer-encoding":"chunked"}
[debug] [2022-02-10T16:36:12.007Z] >>> HTTP REQUEST POST https://firebasehosting.googleapis.com/v1beta1/sites/hepies-d3233/versions  
 {"config":{"rewrites":[{"glob":"**","path":"/index.html"}]},"labels":{"deployment-tool":"cli-firebase"}}
[debug] [2022-02-10T16:36:29.460Z] <<< HTTP RESPONSE 200 {"content-type":"application/json; charset=UTF-8","vary":"X-Origin, Referer, Origin,Accept-Encoding","date":"Thu, 10 Feb 2022 16:36:30 GMT","server":"ESF","cache-control":"private","x-xss-protection":"0","x-frame-options":"SAMEORIGIN","x-content-type-options":"nosniff","alt-svc":"h3=\":443\"; ma=2592000,h3-29=\":443\"; ma=2592000,h3-Q050=\":443\"; ma=2592000,h3-Q046=\":443\"; ma=2592000,h3-Q043=\":443\"; ma=2592000,quic=\":443\"; ma=2592000; v=\"46,43\"","accept-ranges":"none","transfer-encoding":"chunked"}
[info] i  hosting[hepies-d3233]: beginning deploy... 
[info] i  hosting[hepies-d3233]: found 51 files in build 
[debug] [2022-02-10T16:36:31.205Z] > refreshing access token with scopes: []
[debug] [2022-02-10T16:36:31.205Z] >>> HTTP REQUEST POST https://www.googleapis.com/oauth2/v3/token  
 <request body omitted>
[debug] [2022-02-10T16:36:31.214Z] [hosting] hash cache [YnVpbGQ] stored for 51 files
[debug] [2022-02-10T16:36:31.214Z] [hosting][hash queue][FINAL] {"max":1701,"min":18,"avg":221.2941176470588,"active":0,"complete":51,"success":51,"errored":0,"retried":0,"total":51,"elapsed":1718}
[debug] [2022-02-10T16:36:32.036Z] <<< HTTP RESPONSE 200 {"pragma":"no-cache","cache-control":"no-cache, no-store, max-age=0, must-revalidate","date":"Thu, 10 Feb 2022 16:36:33 GMT","expires":"Mon, 01 Jan 1990 00:00:00 GMT","content-type":"application/json; charset=utf-8","vary":"X-Origin, Referer, Origin,Accept-Encoding","server":"scaffolding on HTTPServer2","x-xss-protection":"0","x-frame-options":"SAMEORIGIN","x-content-type-options":"nosniff","alt-svc":"h3=\":443\"; ma=2592000,h3-29=\":443\"; ma=2592000,h3-Q050=\":443\"; ma=2592000,h3-Q046=\":443\"; ma=2592000,h3-Q043=\":443\"; ma=2592000,quic=\":443\"; ma=2592000; v=\"46,43\"","accept-ranges":"none","transfer-encoding":"chunked"}
[debug] [2022-02-10T16:36:32.082Z] >>> [apiv2][query] POST https://firebasehosting.googleapis.com/v1beta1/sites/hepies-d3233/versions/469c4994c068c170:populateFiles [none]
[debug] [2022-02-10T16:36:32.082Z] >>> [apiv2][body] POST https://firebasehosting.googleapis.com/v1beta1/sites/hepies-d3233/versions/469c4994c068c170:populateFiles {"files":{"/apple-icon.png":"74f0b7d4db5eff80a0105748a5d051984e8186e98217aeb1d915bc489d4977a9","/favicon.ico":"a0d984e9d8484f326f97a37009cfc802eb6b3cca344337104780371552df232c","/manifest.json":"6b50377417dc0a8a86bd922f13eaf38a3670b6a23cc5ce3da3efd594cc3a2741","/asset-manifest.json":"576640726f74cb5e87ee9f62078e948f577b080befa9abc90485c886c183440b","/index.html":"d49f8d9299dcb4864ea04a7acfb10d862c1c34e6ab11a72f249a7da687aa8d44","/static/js/2.def82cc7.chunk.js.LICENSE.txt":"5b604e84b7c9dad3bd56b91274cb6ff24a468e90aa15faaaaf392192839c25bc","/static/js/3.b5b02424.chunk.js.LICENSE.txt":"032941c73baec853976fe02a909679d0c41df718ee09c9eb999c0c49194e7a99","/static/js/4.914646f1.chunk.js.LICENSE.txt":"d3e1d351b31973e51a901c7ea2d4a4a4433ea7ca26d26932b5764f978f862608","/static/js/4.914646f1.chunk.js":"9205d669c13f7bdc129b0daf09cdfba338efabb48eca2e2c929d88cc72f27f26","/static/js/5.97043bf3.chunk.js.LICENSE.txt":"2c3fbd65f07d4843d4df16f571044f77371ac610e00da02f5ea1364dd089f79b","/static/js/main.bd8bbe6f.chunk.js.LICENSE.txt":"962794b02cefb9b517a6abd7c20d03955c6fcc9badcd64fe66d706dfa4c6aecf","/static/js/runtime-main.9f5320ee.js":"76fc61a1b5913e86c3a17b22941294e26bd5f84479e57c8bce5507e51653fb1a","/static/js/runtime-main.9f5320ee.js.map":"e618141d146f098837a1654f2063e09c80c103d1062d56f25363b16a39f46b6d","/static/media/fa-regular-400.36722648.woff":"66b0c41aa009e3511e3d50e73bacb1e2610977cadd6a7c39b61a1e53a11e4bf3","/static/media/fa-regular-400.68c5af1f.woff2":"682676b9a4635c93e520444bca99632c5d9933ccc8972b228f99b6b68ef4b406","/static/media/fa-regular-400.1017bce8.ttf":"5b94be549fd8a5aaad71150b1bc0320fc64a8fa85960481a86243469e0076caf","/static/media/fa-regular-400.4079ae2d.eot":"56d573ad0adf72d9a169c09f752e8486f9638886ef8c9086a035e8fde97e9916","/static/media/logo.2d27ead7.svg":"412da2660f0ea4431515f7acbc1c5a212f1ed24bca55543e303e8013b85f9ad6","/static/media/nucleo-icons.19abb540.eot":"1b9ce2b0e76567f73989a7c808a27327efeb6617a1b796c05395047478dcd921","/static/media/nucleo-icons.c82c9b7c.woff":"983a68a893b7959c33da0fb4efab6b1ed6b83b1e725969f1dc67c88f145fd2b2","/static/media/nucleo-icons.cba26748.woff2":"5d5bdccc436105bbdb564d268180455d172872071e7450ba236f2d1117bd8b3a","/static/media/nucleo-icons.4466aeec.ttf":"811a6e0a77d6979b80a65597dab716d65016f612f101037c462215665ccaa410","/static/media/nucleo-icons.8e954b74.woff":"36780dc80a5a5005fcb974422b1cc10412d8629fc8a6f59bc47a8ad1f825a394","/static/media/nucleo-icons.bd42d77b.eot":"fb18527880f5982cc0017c154de0258c80c970bfd407169b58b5bbdcd626d721","/static/media/nucleo-icons.d6a66724.ttf":"8e397586ce7012c2803df6b88320df0aeafbae22b3b595d3be093edb49043869","/static/js/4.914646f1.chunk.js.map":"372ef2a2d3b97f59684588afbd2a614c2480cf2eab17d977faee1ab7d8ea9cc3","/static/media/nucleo-icons.ec16bc4c.woff2":"c146ec9006a6c1441079a99cd7b12a2eaded4f8b7add2322a0c41ce55a99a746","/static/js/main.bd8bbe6f.chunk.js":"d885396a731bd7f1cb6e3460ed4386b60116badfe4dbb8709f3e1e0562552bd0","/static/js/5.97043bf3.chunk.js":"b691d2138c831b4844bf68449247d1fcb090384edd28f0ebdfb3c153165e9eee","/static/media/fa-regular-400.19e27d34.svg":"5fb28d2fdc81c588e12297adf237d9b10423aca4636cb0f42da46960b1263e25","/static/media/nucleo-icons.95fa360c.svg":"68e4bffd9a958628668ed1bc201581501a7b953a4affd78b18cddd84291b4b40","/static/css/2.612f2891.chunk.css":"3df5527494ab6a8a20e6854995efd5009105f2e46b49cb1fb6645a90e7827a2c","/static/media/fa-brands-400.c1210e5e.woff2":"febc377716ecb54e3d884ba0fcde1422f6988efcbb00de314bb27b2319a57a06","/static/media/fa-solid-900.ada6e6df.woff2":"1372dcb89880aed93ada00d7bef08bd992d7c949b67007e99f6c0be11eda15e5","/static/js/3.b5b02424.chunk.js":"489158ed8b9316c2846e8ed6db346b5e5bd72233e81d2ec40e6eb225285104fa","/static/media/fa-brands-400.329a95a9.woff":"1b42719786b7e76a71af1a44a57ea43abda8da1512a2140fb26fe7698c92e848","/static/media/fa-brands-400.89a52ae1.eot":"d984c46096797bc379910883d455bbc4b6e65276af83dcb2259b56c87eda5a2a","/static/media/fa-solid-900.c6ec0800.woff":"d096aa71777aa0eff9244c950b02a500d54bd34223cb649755bca4804877be90","/static/media/fa-brands-400.9e138496.ttf":"d2fec613bc0824be7d57f25fcaf9252d0021538ce26589062598f5cdff5e347b","/static/js/main.bd8bbe6f.chunk.js.map":"7f188a9afba2d2349ee5237167dd756cf9c94da6dd6deb91730e5e0a29db03c8","/static/media/fa-solid-900.07c3313b.ttf":"cfa4da78991398e75581b5007f67892cf2fab691f46148579a170e2198493304","/static/media/fa-solid-900.efbd5d20.eot":"8b7f27a7b6b5fac0b063ae245a6e047d2fe08a58ec874758478f6f4a2657c2ff","/static/css/main.094fa8a8.chunk.css":"7a6a0bf53c0928f9e10f31bdfe108df06c99da7e633560327c8d8bc918b7cbcb","/static/js/3.b5b02424.chunk.js.map":"91d0d6252d3ee8904c42309299aa5023c6ecd6c3154309a8b6320c19f701177a","/static/css/2.612f2891.chunk.css.map":"c514a9afab069a821cd3d9a17e32c427aa1dcf98d9f3fdc3fa4571c8cff9bfbc","/static/js/5.97043bf3.chunk.js.map":"1731a418fc5145736b73724fc2a550157d0c51a548a27bf1c3dd443c9268ba93","/static/css/main.094fa8a8.chunk.css.map":"361a08130df0db4920a7b28b51a87354e21ca0b3b8f9b4cbbe546ef2a14742c3","/static/media/fa-solid-900.13de59f1.svg":"b09fa23337028fa2fce6cfabcfb1a182721e9c8d4569de0ba7eb15bfc7ce4f81","/static/media/fa-brands-400.216edb96.svg":"a05450629c0d156fc90b0b945d38a268543855d6514ab7fb24573214a6015e37","/static/js/2.def82cc7.chunk.js":"2225636fded1b4931c27eb6ed02883a47048b01253f5d36a3c3e2556d436508f","/static/js/2.def82cc7.chunk.js.map":"400cda42df3fd614cd6c186e76755938c4efc76360400e83db1c8888cfb83030"}}
[debug] [2022-02-10T16:36:34.018Z] <<< [apiv2][status] POST https://firebasehosting.googleapis.com/v1beta1/sites/hepies-d3233/versions/469c4994c068c170:populateFiles 200
[debug] [2022-02-10T16:36:34.018Z] <<< [apiv2][body] POST https://firebasehosting.googleapis.com/v1beta1/sites/hepies-d3233/versions/469c4994c068c170:populateFiles {"uploadRequiredHashes":["1731a418fc5145736b73724fc2a550157d0c51a548a27bf1c3dd443c9268ba93","400cda42df3fd614cd6c186e76755938c4efc76360400e83db1c8888cfb83030","489158ed8b9316c2846e8ed6db346b5e5bd72233e81d2ec40e6eb225285104fa","9205d669c13f7bdc129b0daf09cdfba338efabb48eca2e2c929d88cc72f27f26","91d0d6252d3ee8904c42309299aa5023c6ecd6c3154309a8b6320c19f701177a","d885396a731bd7f1cb6e3460ed4386b60116badfe4dbb8709f3e1e0562552bd0","d49f8d9299dcb4864ea04a7acfb10d862c1c34e6ab11a72f249a7da687aa8d44","372ef2a2d3b97f59684588afbd2a614c2480cf2eab17d977faee1ab7d8ea9cc3","2225636fded1b4931c27eb6ed02883a47048b01253f5d36a3c3e2556d436508f","e618141d146f098837a1654f2063e09c80c103d1062d56f25363b16a39f46b6d","576640726f74cb5e87ee9f62078e948f577b080befa9abc90485c886c183440b","b691d2138c831b4844bf68449247d1fcb090384edd28f0ebdfb3c153165e9eee","76fc61a1b5913e86c3a17b22941294e26bd5f84479e57c8bce5507e51653fb1a","7f188a9afba2d2349ee5237167dd756cf9c94da6dd6deb91730e5e0a29db03c8"],"uploadUrl":"https://upload-firebasehosting.googleapis.com/upload/sites/hepies-d3233/versions/469c4994c068c170/files"}
[debug] [2022-02-10T16:36:34.023Z] >>> [apiv2][query] POST https://upload-firebasehosting.googleapis.com/upload/sites/hepies-d3233/versions/469c4994c068c170/files/1731a418fc5145736b73724fc2a550157d0c51a548a27bf1c3dd443c9268ba93 [none]
[debug] [2022-02-10T16:36:34.023Z] >>> [apiv2][body] POST https://upload-firebasehosting.googleapis.com/upload/sites/hepies-d3233/versions/469c4994c068c170/files/1731a418fc5145736b73724fc2a550157d0c51a548a27bf1c3dd443c9268ba93 [stream]
[debug] [2022-02-10T16:36:34.026Z] >>> [apiv2][query] POST https://upload-firebasehosting.googleapis.com/upload/sites/hepies-d3233/versions/469c4994c068c170/files/400cda42df3fd614cd6c186e76755938c4efc76360400e83db1c8888cfb83030 [none]
[debug] [2022-02-10T16:36:34.026Z] >>> [apiv2][body] POST https://upload-firebasehosting.googleapis.com/upload/sites/hepies-d3233/versions/469c4994c068c170/files/400cda42df3fd614cd6c186e76755938c4efc76360400e83db1c8888cfb83030 [stream]
[debug] [2022-02-10T16:36:34.026Z] >>> [apiv2][query] POST https://upload-firebasehosting.googleapis.com/upload/sites/hepies-d3233/versions/469c4994c068c170/files/489158ed8b9316c2846e8ed6db346b5e5bd72233e81d2ec40e6eb225285104fa [none]
[debug] [2022-02-10T16:36:34.027Z] >>> [apiv2][body] POST https://upload-firebasehosting.googleapis.com/upload/sites/hepies-d3233/versions/469c4994c068c170/files/489158ed8b9316c2846e8ed6db346b5e5bd72233e81d2ec40e6eb225285104fa [stream]
[debug] [2022-02-10T16:36:34.027Z] >>> [apiv2][query] POST https://upload-firebasehosting.googleapis.com/upload/sites/hepies-d3233/versions/469c4994c068c170/files/9205d669c13f7bdc129b0daf09cdfba338efabb48eca2e2c929d88cc72f27f26 [none]
[debug] [2022-02-10T16:36:34.027Z] >>> [apiv2][body] POST https://upload-firebasehosting.googleapis.com/upload/sites/hepies-d3233/versions/469c4994c068c170/files/9205d669c13f7bdc129b0daf09cdfba338efabb48eca2e2c929d88cc72f27f26 [stream]
[debug] [2022-02-10T16:36:34.028Z] >>> [apiv2][query] POST https://upload-firebasehosting.googleapis.com/upload/sites/hepies-d3233/versions/469c4994c068c170/files/91d0d6252d3ee8904c42309299aa5023c6ecd6c3154309a8b6320c19f701177a [none]
[debug] [2022-02-10T16:36:34.028Z] >>> [apiv2][body] POST https://upload-firebasehosting.googleapis.com/upload/sites/hepies-d3233/versions/469c4994c068c170/files/91d0d6252d3ee8904c42309299aa5023c6ecd6c3154309a8b6320c19f701177a [stream]
[debug] [2022-02-10T16:36:34.031Z] >>> [apiv2][query] POST https://upload-firebasehosting.googleapis.com/upload/sites/hepies-d3233/versions/469c4994c068c170/files/d885396a731bd7f1cb6e3460ed4386b60116badfe4dbb8709f3e1e0562552bd0 [none]
[debug] [2022-02-10T16:36:34.031Z] >>> [apiv2][body] POST https://upload-firebasehosting.googleapis.com/upload/sites/hepies-d3233/versions/469c4994c068c170/files/d885396a731bd7f1cb6e3460ed4386b60116badfe4dbb8709f3e1e0562552bd0 [stream]
[debug] [2022-02-10T16:36:34.032Z] >>> [apiv2][query] POST https://upload-firebasehosting.googleapis.com/upload/sites/hepies-d3233/versions/469c4994c068c170/files/d49f8d9299dcb4864ea04a7acfb10d862c1c34e6ab11a72f249a7da687aa8d44 [none]
[debug] [2022-02-10T16:36:34.032Z] >>> [apiv2][body] POST https://upload-firebasehosting.googleapis.com/upload/sites/hepies-d3233/versions/469c4994c068c170/files/d49f8d9299dcb4864ea04a7acfb10d862c1c34e6ab11a72f249a7da687aa8d44 [stream]
[debug] [2022-02-10T16:36:34.033Z] >>> [apiv2][query] POST https://upload-firebasehosting.googleapis.com/upload/sites/hepies-d3233/versions/469c4994c068c170/files/372ef2a2d3b97f59684588afbd2a614c2480cf2eab17d977faee1ab7d8ea9cc3 [none]
[debug] [2022-02-10T16:36:34.033Z] >>> [apiv2][body] POST https://upload-firebasehosting.googleapis.com/upload/sites/hepies-d3233/versions/469c4994c068c170/files/372ef2a2d3b97f59684588afbd2a614c2480cf2eab17d977faee1ab7d8ea9cc3 [stream]
[debug] [2022-02-10T16:36:34.033Z] >>> [apiv2][query] POST https://upload-firebasehosting.googleapis.com/upload/sites/hepies-d3233/versions/469c4994c068c170/files/2225636fded1b4931c27eb6ed02883a47048b01253f5d36a3c3e2556d436508f [none]
[debug] [2022-02-10T16:36:34.033Z] >>> [apiv2][body] POST https://upload-firebasehosting.googleapis.com/upload/sites/hepies-d3233/versions/469c4994c068c170/files/2225636fded1b4931c27eb6ed02883a47048b01253f5d36a3c3e2556d436508f [stream]
[debug] [2022-02-10T16:36:34.034Z] >>> [apiv2][query] POST https://upload-firebasehosting.googleapis.com/upload/sites/hepies-d3233/versions/469c4994c068c170/files/e618141d146f098837a1654f2063e09c80c103d1062d56f25363b16a39f46b6d [none]
[debug] [2022-02-10T16:36:34.035Z] >>> [apiv2][body] POST https://upload-firebasehosting.googleapis.com/upload/sites/hepies-d3233/versions/469c4994c068c170/files/e618141d146f098837a1654f2063e09c80c103d1062d56f25363b16a39f46b6d [stream]
[debug] [2022-02-10T16:36:34.035Z] >>> [apiv2][query] POST https://upload-firebasehosting.googleapis.com/upload/sites/hepies-d3233/versions/469c4994c068c170/files/576640726f74cb5e87ee9f62078e948f577b080befa9abc90485c886c183440b [none]
[debug] [2022-02-10T16:36:34.035Z] >>> [apiv2][body] POST https://upload-firebasehosting.googleapis.com/upload/sites/hepies-d3233/versions/469c4994c068c170/files/576640726f74cb5e87ee9f62078e948f577b080befa9abc90485c886c183440b [stream]
[debug] [2022-02-10T16:36:34.036Z] >>> [apiv2][query] POST https://upload-firebasehosting.googleapis.com/upload/sites/hepies-d3233/versions/469c4994c068c170/files/b691d2138c831b4844bf68449247d1fcb090384edd28f0ebdfb3c153165e9eee [none]
[debug] [2022-02-10T16:36:34.036Z] >>> [apiv2][body] POST https://upload-firebasehosting.googleapis.com/upload/sites/hepies-d3233/versions/469c4994c068c170/files/b691d2138c831b4844bf68449247d1fcb090384edd28f0ebdfb3c153165e9eee [stream]
[debug] [2022-02-10T16:36:34.038Z] >>> [apiv2][query] POST https://upload-firebasehosting.googleapis.com/upload/sites/hepies-d3233/versions/469c4994c068c170/files/76fc61a1b5913e86c3a17b22941294e26bd5f84479e57c8bce5507e51653fb1a [none]
[debug] [2022-02-10T16:36:34.038Z] >>> [apiv2][body] POST https://upload-firebasehosting.googleapis.com/upload/sites/hepies-d3233/versions/469c4994c068c170/files/76fc61a1b5913e86c3a17b22941294e26bd5f84479e57c8bce5507e51653fb1a [stream]
[debug] [2022-02-10T16:36:34.039Z] >>> [apiv2][query] POST https://upload-firebasehosting.googleapis.com/upload/sites/hepies-d3233/versions/469c4994c068c170/files/7f188a9afba2d2349ee5237167dd756cf9c94da6dd6deb91730e5e0a29db03c8 [none]
[debug] [2022-02-10T16:36:34.039Z] >>> [apiv2][body] POST https://upload-firebasehosting.googleapis.com/upload/sites/hepies-d3233/versions/469c4994c068c170/files/7f188a9afba2d2349ee5237167dd756cf9c94da6dd6deb91730e5e0a29db03c8 [stream]
[debug] [2022-02-10T16:36:34.040Z] [hosting][populate queue][FINAL] {"max":2818,"min":2818,"avg":2818,"active":0,"complete":1,"success":1,"errored":0,"retried":0,"total":1,"elapsed":2835}
[debug] [2022-02-10T16:36:34.040Z] [hosting] uploads queued: 14
[debug] [2022-02-10T16:36:36.215Z] <<< [apiv2][status] POST https://upload-firebasehosting.googleapis.com/upload/sites/hepies-d3233/versions/469c4994c068c170/files/d49f8d9299dcb4864ea04a7acfb10d862c1c34e6ab11a72f249a7da687aa8d44 200
[debug] [2022-02-10T16:36:36.215Z] <<< [apiv2][body] POST https://upload-firebasehosting.googleapis.com/upload/sites/hepies-d3233/versions/469c4994c068c170/files/d49f8d9299dcb4864ea04a7acfb10d862c1c34e6ab11a72f249a7da687aa8d44 [stream]
[debug] [2022-02-10T16:36:36.218Z] <<< [apiv2][status] POST https://upload-firebasehosting.googleapis.com/upload/sites/hepies-d3233/versions/469c4994c068c170/files/e618141d146f098837a1654f2063e09c80c103d1062d56f25363b16a39f46b6d 200
[debug] [2022-02-10T16:36:36.218Z] <<< [apiv2][body] POST https://upload-firebasehosting.googleapis.com/upload/sites/hepies-d3233/versions/469c4994c068c170/files/e618141d146f098837a1654f2063e09c80c103d1062d56f25363b16a39f46b6d [stream]
[debug] [2022-02-10T16:36:36.317Z] <<< [apiv2][status] POST https://upload-firebasehosting.googleapis.com/upload/sites/hepies-d3233/versions/469c4994c068c170/files/76fc61a1b5913e86c3a17b22941294e26bd5f84479e57c8bce5507e51653fb1a 200
[debug] [2022-02-10T16:36:36.317Z] <<< [apiv2][body] POST https://upload-firebasehosting.googleapis.com/upload/sites/hepies-d3233/versions/469c4994c068c170/files/76fc61a1b5913e86c3a17b22941294e26bd5f84479e57c8bce5507e51653fb1a [stream]
[debug] [2022-02-10T16:36:36.338Z] <<< [apiv2][status] POST https://upload-firebasehosting.googleapis.com/upload/sites/hepies-d3233/versions/469c4994c068c170/files/d885396a731bd7f1cb6e3460ed4386b60116badfe4dbb8709f3e1e0562552bd0 200
[debug] [2022-02-10T16:36:36.338Z] <<< [apiv2][body] POST https://upload-firebasehosting.googleapis.com/upload/sites/hepies-d3233/versions/469c4994c068c170/files/d885396a731bd7f1cb6e3460ed4386b60116badfe4dbb8709f3e1e0562552bd0 [stream]
[debug] [2022-02-10T16:36:36.383Z] <<< [apiv2][status] POST https://upload-firebasehosting.googleapis.com/upload/sites/hepies-d3233/versions/469c4994c068c170/files/372ef2a2d3b97f59684588afbd2a614c2480cf2eab17d977faee1ab7d8ea9cc3 200
[debug] [2022-02-10T16:36:36.384Z] <<< [apiv2][body] POST https://upload-firebasehosting.googleapis.com/upload/sites/hepies-d3233/versions/469c4994c068c170/files/372ef2a2d3b97f59684588afbd2a614c2480cf2eab17d977faee1ab7d8ea9cc3 [stream]
[debug] [2022-02-10T16:36:36.425Z] <<< [apiv2][status] POST https://upload-firebasehosting.googleapis.com/upload/sites/hepies-d3233/versions/469c4994c068c170/files/576640726f74cb5e87ee9f62078e948f577b080befa9abc90485c886c183440b 200
[debug] [2022-02-10T16:36:36.425Z] <<< [apiv2][body] POST https://upload-firebasehosting.googleapis.com/upload/sites/hepies-d3233/versions/469c4994c068c170/files/576640726f74cb5e87ee9f62078e948f577b080befa9abc90485c886c183440b [stream]
[debug] [2022-02-10T16:36:36.576Z] <<< [apiv2][status] POST https://upload-firebasehosting.googleapis.com/upload/sites/hepies-d3233/versions/469c4994c068c170/files/1731a418fc5145736b73724fc2a550157d0c51a548a27bf1c3dd443c9268ba93 200
[debug] [2022-02-10T16:36:36.576Z] <<< [apiv2][body] POST https://upload-firebasehosting.googleapis.com/upload/sites/hepies-d3233/versions/469c4994c068c170/files/1731a418fc5145736b73724fc2a550157d0c51a548a27bf1c3dd443c9268ba93 [stream]
[debug] [2022-02-10T16:36:36.623Z] <<< [apiv2][status] POST https://upload-firebasehosting.googleapis.com/upload/sites/hepies-d3233/versions/469c4994c068c170/files/91d0d6252d3ee8904c42309299aa5023c6ecd6c3154309a8b6320c19f701177a 200
[debug] [2022-02-10T16:36:36.624Z] <<< [apiv2][body] POST https://upload-firebasehosting.googleapis.com/upload/sites/hepies-d3233/versions/469c4994c068c170/files/91d0d6252d3ee8904c42309299aa5023c6ecd6c3154309a8b6320c19f701177a [stream]
[debug] [2022-02-10T16:36:36.784Z] <<< [apiv2][status] POST https://upload-firebasehosting.googleapis.com/upload/sites/hepies-d3233/versions/469c4994c068c170/files/b691d2138c831b4844bf68449247d1fcb090384edd28f0ebdfb3c153165e9eee 200
[debug] [2022-02-10T16:36:36.784Z] <<< [apiv2][body] POST https://upload-firebasehosting.googleapis.com/upload/sites/hepies-d3233/versions/469c4994c068c170/files/b691d2138c831b4844bf68449247d1fcb090384edd28f0ebdfb3c153165e9eee [stream]
[debug] [2022-02-10T16:36:36.794Z] <<< [apiv2][status] POST https://upload-firebasehosting.googleapis.com/upload/sites/hepies-d3233/versions/469c4994c068c170/files/7f188a9afba2d2349ee5237167dd756cf9c94da6dd6deb91730e5e0a29db03c8 200
[debug] [2022-02-10T16:36:36.794Z] <<< [apiv2][body] POST https://upload-firebasehosting.googleapis.com/upload/sites/hepies-d3233/versions/469c4994c068c170/files/7f188a9afba2d2349ee5237167dd756cf9c94da6dd6deb91730e5e0a29db03c8 [stream]
[debug] [2022-02-10T16:36:40.055Z] <<< [apiv2][status] POST https://upload-firebasehosting.googleapis.com/upload/sites/hepies-d3233/versions/469c4994c068c170/files/2225636fded1b4931c27eb6ed02883a47048b01253f5d36a3c3e2556d436508f 200
[debug] [2022-02-10T16:36:40.055Z] <<< [apiv2][body] POST https://upload-firebasehosting.googleapis.com/upload/sites/hepies-d3233/versions/469c4994c068c170/files/2225636fded1b4931c27eb6ed02883a47048b01253f5d36a3c3e2556d436508f [stream]
[debug] [2022-02-10T16:36:51.847Z] <<< [apiv2][status] POST https://upload-firebasehosting.googleapis.com/upload/sites/hepies-d3233/versions/469c4994c068c170/files/9205d669c13f7bdc129b0daf09cdfba338efabb48eca2e2c929d88cc72f27f26 200
[debug] [2022-02-10T16:36:51.847Z] <<< [apiv2][body] POST https://upload-firebasehosting.googleapis.com/upload/sites/hepies-d3233/versions/469c4994c068c170/files/9205d669c13f7bdc129b0daf09cdfba338efabb48eca2e2c929d88cc72f27f26 [stream]
[debug] [2022-02-10T16:36:52.503Z] <<< [apiv2][status] POST https://upload-firebasehosting.googleapis.com/upload/sites/hepies-d3233/versions/469c4994c068c170/files/489158ed8b9316c2846e8ed6db346b5e5bd72233e81d2ec40e6eb225285104fa 200
[debug] [2022-02-10T16:36:52.503Z] <<< [apiv2][body] POST https://upload-firebasehosting.googleapis.com/upload/sites/hepies-d3233/versions/469c4994c068c170/files/489158ed8b9316c2846e8ed6db346b5e5bd72233e81d2ec40e6eb225285104fa [stream]
[debug] [2022-02-10T16:36:55.268Z] <<< [apiv2][status] POST https://upload-firebasehosting.googleapis.com/upload/sites/hepies-d3233/versions/469c4994c068c170/files/400cda42df3fd614cd6c186e76755938c4efc76360400e83db1c8888cfb83030 200
[debug] [2022-02-10T16:36:55.268Z] <<< [apiv2][body] POST https://upload-firebasehosting.googleapis.com/upload/sites/hepies-d3233/versions/469c4994c068c170/files/400cda42df3fd614cd6c186e76755938c4efc76360400e83db1c8888cfb83030 [stream]
[debug] [2022-02-10T16:36:55.268Z] [hosting][upload queue][FINAL] {"max":21248,"min":2194,"avg":6289.642857142857,"active":0,"complete":14,"success":14,"errored":0,"retried":0,"total":14,"elapsed":21249}
[info] +  hosting[hepies-d3233]: file upload complete 
[debug] [2022-02-10T16:36:55.270Z] [hosting] deploy completed after 25808ms
[debug] [2022-02-10T16:36:55.275Z] [
  {
    "config": {
      "public": "build",
      "ignore": [
        "firebase.json",
        "**/.*",
        "**/node_modules/**"
      ],
      "rewrites": [
        {
          "source": "**",
          "destination": "/index.html"
        }
      ],
      "site": "hepies-d3233"
    },
    "site": "hepies-d3233",
    "version": "sites/hepies-d3233/versions/469c4994c068c170"
  }
]
[info] i  hosting[hepies-d3233]: finalizing version... 
[debug] [2022-02-10T16:36:55.276Z] > refreshing access token with scopes: ["email","https://www.googleapis.com/auth/cloud-platform","https://www.googleapis.com/auth/cloudplatformprojects.readonly","https://www.googleapis.com/auth/firebase","openid"]
[debug] [2022-02-10T16:36:55.276Z] >>> HTTP REQUEST POST https://www.googleapis.com/oauth2/v3/token  
 <request body omitted>
[debug] [2022-02-10T16:36:55.978Z] <<< HTTP RESPONSE 200 {"pragma":"no-cache","expires":"Mon, 01 Jan 1990 00:00:00 GMT","cache-control":"no-cache, no-store, max-age=0, must-revalidate","date":"Thu, 10 Feb 2022 16:36:57 GMT","content-type":"application/json; charset=utf-8","vary":"X-Origin, Referer, Origin,Accept-Encoding","server":"scaffolding on HTTPServer2","x-xss-protection":"0","x-frame-options":"SAMEORIGIN","x-content-type-options":"nosniff","alt-svc":"h3=\":443\"; ma=2592000,h3-29=\":443\"; ma=2592000,h3-Q050=\":443\"; ma=2592000,h3-Q046=\":443\"; ma=2592000,h3-Q043=\":443\"; ma=2592000,quic=\":443\"; ma=2592000; v=\"46,43\"","accept-ranges":"none","transfer-encoding":"chunked"}
[debug] [2022-02-10T16:36:56.025Z] >>> HTTP REQUEST PATCH https://firebasehosting.googleapis.com/v1beta1/sites/hepies-d3233/versions/469c4994c068c170?updateMask=status  
 {"status":"FINALIZED"}
[debug] [2022-02-10T16:37:17.740Z] Error: connect ETIMEDOUT 172.217.17.106:443
    at TCPConnectWrap.afterConnect [as oncomplete] (net.js:1148:16)
[error] 
[error] Error: Server Error. connect ETIMEDOUT 172.217.17.106:443
